<?xml version="1.0" encoding="UTF-8"?>
<testng-results ignored="0" total="1" passed="1" failed="0" skipped="0">
  <reporter-output>
  </reporter-output>
  <suite started-at="2022-03-01T17:08:04 IST" name="Default suite" finished-at="2022-03-01T17:08:04 IST" duration-ms="140">
    <groups>
    </groups>
    <test started-at="2022-03-01T17:08:04 IST" name="Default test" finished-at="2022-03-01T17:08:04 IST" duration-ms="140">
      <class name="TestCase1">
        <test-method signature="tc()[pri:0, instance:TestCase1@3c947bc5]" started-at="2022-03-01T17:08:04 IST" name="tc" finished-at="2022-03-01T17:08:04 IST" duration-ms="16" status="PASS">
          <reporter-output>
          </reporter-output>
        </test-method> <!-- tc -->
      </class> <!-- TestCase1 -->
    </test> <!-- Default test -->
  </suite> <!-- Default suite -->
</testng-results>
